<?xml version="1.0" encoding="UTF-8"?>
<!-- Generated by org.testng.reporters.JUnitReportReporter -->
<testsuite hostname="HP-PC" name="ICICI.redbus" tests="1" failures="0" timestamp="12 Jun 2019 05:44:35 GMT" time="76.314" errors="0">
  <testcase name="redlogin" time="76.314" classname="ICICI.redbus"/>
</testsuite> <!-- ICICI.redbus -->
