<?xml version="1.0" encoding="UTF-8"?>
<!-- Generated by org.testng.reporters.JUnitReportReporter -->
<testsuite hostname="HP-PC" name="prep.testrunn" tests="1" failures="0" timestamp="26 Apr 2019 02:13:52 GMT" time="42.295" errors="0">
  <testcase name="test1" time="42.295" classname="prep.testrunn"/>
</testsuite> <!-- prep.testrunn -->
