<?xml version="1.0" encoding="UTF-8"?>
<!-- Generated by org.testng.reporters.JUnitReportReporter -->
<testsuite hostname="HP-PC" name="trialscripts.testNGcls" tests="1" failures="0" timestamp="25 Apr 2019 08:43:25 GMT" time="8.200" errors="0">
  <testcase name="screenresult" time="8.200" classname="trialscripts.testNGcls"/>
</testsuite> <!-- trialscripts.testNGcls -->
