<?xml version="1.0" encoding="UTF-8"?>
<!-- Generated by org.testng.reporters.JUnitReportReporter -->
<testsuite hostname="HP-PC" name="cleartrip.Runn" tests="1" failures="0" timestamp="5 May 2019 20:42:13 GMT" time="28.974" errors="0">
  <testcase name="test1" time="28.974" classname="cleartrip.Runn"/>
</testsuite> <!-- cleartrip.Runn -->
