<?xml version="1.0" encoding="UTF-8"?>
<!-- Generated by org.testng.reporters.JUnitReportReporter -->
<testsuite hostname="HP-PC" name="cleartrip.Runnie" tests="1" failures="0" timestamp="5 May 2019 21:11:19 GMT" time="25.431" errors="0">
  <testcase name="test2" time="25.431" classname="cleartrip.Runnie"/>
</testsuite> <!-- cleartrip.Runnie -->
