<?xml version="1.0" encoding="UTF-8"?>
<!-- Generated by org.testng.reporters.JUnitReportReporter -->
<testsuite hostname="HP-PC" name="ICICI.scriptDo" tests="1" failures="0" timestamp="18 Jun 2019 17:41:51 GMT" time="12.863" errors="0">
  <testcase name="iciciemi" time="12.863" classname="ICICI.scriptDo"/>
</testsuite> <!-- ICICI.scriptDo -->
